# JRE version: Java(TM) SE Runtime Environment (11.0.4+10) (build 11.0.4+10-LTS)
# Java VM: Java HotSpot(TM) 64-Bit Server VM (11.0.4+10-LTS, mixed mode, tiered, compressed oops, g1 gc, windows-amd64)
Heap:
 garbage-first heap   total 177152K, used 29363K [0x0000000088000000, 0x0000000100000000)
  region size 1024K, 11 young (11264K), 8 survivors (8192K)
 Metaspace       used 62634K, capacity 64572K, committed 64640K, reserved 1105920K
  class space    used 8305K, capacity 9056K, committed 9088K, reserved 1048576K
GC Heap History (10 events):
Event: 10.070 GC heap before
{Heap before GC invocations=12 (full 0):
 garbage-first heap   total 147456K, used 96768K [0x0000000088000000, 0x0000000100000000)
  region size 1024K, 86 young (88064K), 6 survivors (6144K)
 Metaspace       used 41742K, capacity 43053K, committed 43264K, reserved 1087488K
  class space    used 5257K, capacity 5773K, committed 5888K, reserved 1048576K
}
Event: 10.087 GC heap after
{Heap after GC invocations=13 (full 0):
 garbage-first heap   total 147456K, used 19456K [0x0000000088000000, 0x0000000100000000)
  region size 1024K, 9 young (9216K), 9 survivors (9216K)
 Metaspace       used 41742K, capacity 43053K, committed 43264K, reserved 1087488K
  class space    used 5257K, capacity 5773K, committed 5888K, reserved 1048576K
}
Event: 13.588 GC heap before
{Heap before GC invocations=13 (full 0):
 garbage-first heap   total 147456K, used 98304K [0x0000000088000000, 0x0000000100000000)
  region size 1024K, 86 young (88064K), 9 survivors (9216K)
 Metaspace       used 54551K, capacity 56190K, committed 56320K, reserved 1097728K
  class space    used 7204K, capacity 7839K, committed 7936K, reserved 1048576K
}
Event: 13.620 GC heap after
{Heap after GC invocations=14 (full 0):
 garbage-first heap   total 147456K, used 23055K [0x0000000088000000, 0x0000000100000000)
  region size 1024K, 8 young (8192K), 8 survivors (8192K)
 Metaspace       used 54551K, capacity 56190K, committed 56320K, reserved 1097728K
  class space    used 7204K, capacity 7839K, committed 7936K, reserved 1048576K
}
Event: 309.014 GC heap before
{Heap before GC invocations=14 (full 0):
 garbage-first heap   total 147456K, used 102927K [0x0000000088000000, 0x0000000100000000)
  region size 1024K, 86 young (88064K), 8 survivors (8192K)
 Metaspace       used 57988K, capacity 59759K, committed 59904K, reserved 1101824K
  class space    used 7710K, capacity 8422K, committed 8448K, reserved 1048576K
}
Event: 309.044 GC heap after
{Heap after GC invocations=15 (full 0):
 garbage-first heap   total 177152K, used 26291K [0x0000000088000000, 0x0000000100000000)
  region size 1024K, 7 young (7168K), 7 survivors (7168K)
 Metaspace       used 57988K, capacity 59759K, committed 59904K, reserved 1101824K
  class space    used 7710K, capacity 8422K, committed 8448K, reserved 1048576K
}
Event: 785.931 GC heap before
{Heap before GC invocations=15 (full 0):
 garbage-first heap   total 177152K, used 58035K [0x0000000088000000, 0x0000000100000000)
  region size 1024K, 39 young (39936K), 7 survivors (7168K)
 Metaspace       used 58116K, capacity 59887K, committed 60160K, reserved 1101824K
  class space    used 7725K, capacity 8422K, committed 8448K, reserved 1048576K
}
Event: 785.950 GC heap after
{Heap after GC invocations=16 (full 0):
 garbage-first heap   total 177152K, used 26291K [0x0000000088000000, 0x0000000100000000)
  region size 1024K, 7 young (7168K), 7 survivors (7168K)
 Metaspace       used 58116K, capacity 59887K, committed 60160K, reserved 1101824K
  class space    used 7725K, capacity 8422K, committed 8448K, reserved 1048576K
}
Event: 1835.216 GC heap before
{Heap before GC invocations=17 (full 0):
 garbage-first heap   total 177152K, used 123571K [0x0000000088000000, 0x0000000100000000)
  region size 1024K, 103 young (105472K), 7 survivors (7168K)
 Metaspace       used 62634K, capacity 64572K, committed 64640K, reserved 1105920K
  class space    used 8305K, capacity 9056K, committed 9088K, reserved 1048576K
}
Event: 1835.247 GC heap after
{Heap after GC invocations=18 (full 0):
 garbage-first heap   total 177152K, used 27315K [0x0000000088000000, 0x0000000100000000)
  region size 1024K, 8 young (8192K), 8 survivors (8192K)
 Metaspace       used 62634K, capacity 64572K, committed 64640K, reserved 1105920K
  class space    used 8305K, capacity 9056K, committed 9088K, reserved 1048576K
}

